\BOOKMARK [1][-]{section*.1}{\376\377\000I\000n\000t\000r\000o\000d\000u\000c\000t\000i\000o\000n}{}% 1
\BOOKMARK [1][-]{section*.2}{\376\377\000C\000o\000m\000p\000u\000t\000a\000t\000i\000o\000n\000a\000l\000\040\000T\000h\000i\000n\000k\000i\000n\000g}{}% 2
\BOOKMARK [2][-]{section*.3}{\376\377\000W\000a\000s\000\040\000m\000a\000c\000h\000t\000\040\000C\000o\000m\000p\000u\000t\000a\000t\000i\000o\000n\000a\000l\000\040\000T\000h\000i\000n\000k\000i\000n\000g\000\040\000a\000u\000s\000?}{section*.2}% 3
\BOOKMARK [2][-]{section*.4}{\376\377\000A\000n\000a\000l\000y\000s\000e}{section*.2}% 4
\BOOKMARK [2][-]{section*.6}{\376\377\000P\000r\000o\000b\000l\000e\000m\000\040\000F\000r\000a\000m\000i\000n\000g}{section*.2}% 5
\BOOKMARK [2][-]{section*.7}{\376\377\000G\000e\000s\000t\000a\000l\000t\000u\000n\000g\000s\000v\000o\000r\000s\000c\000h\000l\000a\000g}{section*.2}% 6
\BOOKMARK [1][-]{section*.8}{\376\377\000S\000c\000i\000e\000n\000t\000i\000f\000i\000c\000\040\000T\000h\000i\000n\000k\000i\000n\000g}{}% 7
\BOOKMARK [2][-]{section*.9}{\376\377\000W\000a\000s\000\040\000m\000a\000c\000h\000t\000\040\000S\000c\000i\000e\000n\000t\000i\000f\000i\000c\000\040\000T\000h\000i\000n\000k\000i\000n\000g\000\040\000a\000u\000s\000?}{section*.8}% 8
\BOOKMARK [2][-]{section*.10}{\376\377\000A\000n\000a\000l\000y\000s\000e}{section*.8}% 9
\BOOKMARK [2][-]{section*.11}{\376\377\000P\000r\000o\000b\000l\000e\000m\000\040\000F\000r\000a\000m\000i\000n\000g}{section*.8}% 10
\BOOKMARK [2][-]{section*.12}{\376\377\000G\000e\000s\000t\000a\000l\000t\000u\000n\000g\000s\000v\000o\000r\000s\000c\000h\000l\000a\000g}{section*.8}% 11
\BOOKMARK [1][-]{section*.13}{\376\377\000R\000e\000s\000p\000o\000n\000s\000i\000b\000l\000e\000\040\000\046\000\040\000C\000r\000i\000t\000i\000c\000a\000l\000\040\000T\000h\000i\000n\000k\000i\000n\000g}{}% 12
\BOOKMARK [2][-]{section*.14}{\376\377\000B\000e\000s\000c\000h\000r\000e\000i\000b\000u\000n\000g\000\040\000d\000e\000r\000\040\000D\000e\000n\000k\000w\000e\000i\000s\000e}{section*.13}% 13
\BOOKMARK [2][-]{section*.17}{\376\377\000A\000n\000a\000l\000y\000s\000e\000\040\000d\000e\000r\000\040\000i\000m\000\040\000V\000i\000d\000e\000o\000\040\040\036\000d\000o\000k\000u\000m\000e\000n\000t\000i\000e\000r\000t\000e\000n\040\034\000\040\000N\000u\000t\000z\000u\000n\000g\000\040\000d\000e\000s\000\040\000S\000y\000s\000t\000e\000m\000s}{section*.13}% 14
\BOOKMARK [2][-]{section*.18}{\376\377\000T\000a\000g\000e\000s\000a\000n\000a\000l\000y\000s\000e}{section*.13}% 15
\BOOKMARK [2][-]{section*.22}{\376\377\000P\000r\000o\000b\000l\000e\000m\000\040\000F\000r\000a\000m\000i\000n\000g}{section*.13}% 16
\BOOKMARK [2][-]{section*.23}{\376\377\000G\000e\000s\000t\000a\000l\000t\000u\000n\000g\000s\000p\000r\000o\000z\000e\000s\000s}{section*.13}% 17
\BOOKMARK [1][-]{section*.24}{\376\377\000D\000e\000s\000i\000g\000n\000\040\000\046\000\040\000C\000r\000e\000a\000t\000i\000v\000e\000\040\000T\000h\000i\000n\000k\000i\000n\000g}{}% 18
\BOOKMARK [2][-]{section*.25}{\376\377\000B\000e\000s\000c\000h\000r\000e\000i\000b\000u\000n\000g\000\040\000D\000e\000n\000k\000w\000e\000i\000s\000e}{section*.24}% 19
\BOOKMARK [2][-]{section*.28}{\376\377\000A\000n\000a\000l\000y\000s\000e\000\040\000d\000e\000s\000\040\000V\000i\000d\000e\000o\000s}{section*.24}% 20
\BOOKMARK [2][-]{section*.33}{\376\377\000P\000r\000o\000b\000l\000e\000m\000\040\000F\000r\000a\000m\000i\000n\000g}{section*.24}% 21
\BOOKMARK [2][-]{section*.34}{\376\377\000G\000e\000s\000t\000a\000l\000t\000u\000n\000g\000s\000v\000o\000r\000s\000c\000h\000l\000a\000g}{section*.24}% 22
\BOOKMARK [1][-]{section*.35}{\376\377\000D\000i\000s\000k\000u\000s\000s\000i\000o\000n}{}% 23
\BOOKMARK [2][-]{section*.36}{\376\377\000G\000e\000m\000e\000i\000n\000s\000a\000m\000k\000e\000i\000t\000e\000n}{section*.35}% 24
\BOOKMARK [2][-]{section*.40}{\376\377\000W\000i\000d\000e\000r\000s\000p\000r\000\374\000c\000h\000e}{section*.35}% 25
\BOOKMARK [1][-]{section*.44}{\376\377\000A\000u\000s\000b\000l\000i\000c\000k}{}% 26
\BOOKMARK [1][-]{section*.46}{\376\377\000R\000e\000f\000e\000r\000e\000n\000c\000e\000s}{}% 27
